# JRE version: Java(TM) SE Runtime Environment (22.0.2+9) (build 22.0.2+9-70)
# Java VM: Java HotSpot(TM) 64-Bit Server VM (22.0.2+9-70, mixed mode, sharing, tiered, compressed oops, compressed class ptrs, g1 gc, windows-amd64)
GC Precious Log:
 CardTable entry size: 512
 Card Set container configuration: InlinePtr #cards 4 size 8 Array Of Cards #cards 16 size 48 Howl #buckets 8 coarsen threshold 3686 Howl Bitmap #cards 512 size 80 coarsen threshold 460 Card regions per heap region 1 cards per card region 4096
 CPUs: 16 total, 16 available
 Memory: 16294M
 Large Page Support: Disabled
 NUMA Support: Disabled
 Compressed Oops: Enabled (Zero based)
 Heap Region Size: 2M
 Heap Min Capacity: 8M
 Heap Initial Capacity: 256M
 Heap Max Capacity: 4074M
 Pre-touch: Disabled
 Parallel Workers: 13
 Concurrent Workers: 3
 Concurrent Refinement Workers: 13
 Periodic GC: Disabled
Heap:
 garbage-first heap   total reserved 4171776K, committed 59392K, used 25321K [0x0000000701600000, 0x0000000800000000)
  region size 2048K, 2 young (4096K), 2 survivors (4096K)
 Metaspace       used 41958K, committed 42496K, reserved 1114112K
  class space    used 5517K, committed 5760K, reserved 1048576K
GC Heap History (15 events):
Event: 0.495 GC heap before
{Heap before GC invocations=0 (full 0):
 garbage-first heap   total reserved 4171776K, committed 262144K, used 22528K [0x0000000701600000, 0x0000000800000000)
  region size 2048K, 12 young (24576K), 0 survivors (0K)
 Metaspace       used 4194K, committed 4416K, reserved 1114112K
  class space    used 480K, committed 576K, reserved 1048576K
}
Event: 0.499 GC heap after
{Heap after GC invocations=1 (full 0):
 garbage-first heap   total reserved 4171776K, committed 262144K, used 7904K [0x0000000701600000, 0x0000000800000000)
  region size 2048K, 2 young (4096K), 2 survivors (4096K)
 Metaspace       used 4194K, committed 4416K, reserved 1114112K
  class space    used 480K, committed 576K, reserved 1048576K
}
Event: 0.993 GC heap before
{Heap before GC invocations=1 (full 0):
 garbage-first heap   total reserved 4171776K, committed 262144K, used 36576K [0x0000000701600000, 0x0000000800000000)
  region size 2048K, 17 young (34816K), 2 survivors (4096K)
 Metaspace       used 12142K, committed 12480K, reserved 1114112K
  class space    used 1572K, committed 1728K, reserved 1048576K
}
Event: 0.996 GC heap after
{Heap after GC invocations=2 (full 0):
 garbage-first heap   total reserved 4171776K, committed 262144K, used 9906K [0x0000000701600000, 0x0000000800000000)
  region size 2048K, 2 young (4096K), 2 survivors (4096K)
 Metaspace       used 12142K, committed 12480K, reserved 1114112K
  class space    used 1572K, committed 1728K, reserved 1048576K
}
Event: 1.357 GC heap before
{Heap before GC invocations=2 (full 0):
 garbage-first heap   total reserved 4171776K, committed 262144K, used 44722K [0x0000000701600000, 0x0000000800000000)
  region size 2048K, 21 young (43008K), 2 survivors (4096K)
 Metaspace       used 21130K, committed 21504K, reserved 1114112K
  class space    used 2679K, committed 2880K, reserved 1048576K
}
Event: 1.361 GC heap after
{Heap after GC invocations=3 (full 0):
 garbage-first heap   total reserved 4171776K, committed 262144K, used 13035K [0x0000000701600000, 0x0000000800000000)
  region size 2048K, 3 young (6144K), 3 survivors (6144K)
 Metaspace       used 21130K, committed 21504K, reserved 1114112K
  class space    used 2679K, committed 2880K, reserved 1048576K
}
Event: 1.772 GC heap before
{Heap before GC invocations=4 (full 0):
 garbage-first heap   total reserved 4171776K, committed 49152K, used 47851K [0x0000000701600000, 0x0000000800000000)
  region size 2048K, 20 young (40960K), 3 survivors (6144K)
 Metaspace       used 25096K, committed 25472K, reserved 1114112K
  class space    used 3220K, committed 3392K, reserved 1048576K
}
Event: 1.777 GC heap after
{Heap after GC invocations=5 (full 0):
 garbage-first heap   total reserved 4171776K, committed 59392K, used 16487K [0x0000000701600000, 0x0000000800000000)
  region size 2048K, 5 young (10240K), 5 survivors (10240K)
 Metaspace       used 25096K, committed 25472K, reserved 1114112K
  class space    used 3220K, committed 3392K, reserved 1048576K
}
Event: 2.175 GC heap before
{Heap before GC invocations=5 (full 0):
 garbage-first heap   total reserved 4171776K, committed 59392K, used 41063K [0x0000000701600000, 0x0000000800000000)
  region size 2048K, 17 young (34816K), 5 survivors (10240K)
 Metaspace       used 27818K, committed 28288K, reserved 1114112K
  class space    used 3612K, committed 3840K, reserved 1048576K
}
Event: 2.181 GC heap after
{Heap after GC invocations=6 (full 0):
 garbage-first heap   total reserved 4171776K, committed 59392K, used 18029K [0x0000000701600000, 0x0000000800000000)
  region size 2048K, 2 young (4096K), 2 survivors (4096K)
 Metaspace       used 27818K, committed 28288K, reserved 1114112K
  class space    used 3612K, committed 3840K, reserved 1048576K
}
Event: 2.725 GC heap before
{Heap before GC invocations=6 (full 0):
 garbage-first heap   total reserved 4171776K, committed 59392K, used 44653K [0x0000000701600000, 0x0000000800000000)
  region size 2048K, 15 young (30720K), 2 survivors (4096K)
 Metaspace       used 33004K, committed 33472K, reserved 1114112K
  class space    used 4324K, committed 4544K, reserved 1048576K
}
Event: 2.728 GC heap after
{Heap after GC invocations=7 (full 0):
 garbage-first heap   total reserved 4171776K, committed 59392K, used 21098K [0x0000000701600000, 0x0000000800000000)
  region size 2048K, 2 young (4096K), 2 survivors (4096K)
 Metaspace       used 33004K, committed 33472K, reserved 1114112K
  class space    used 4324K, committed 4544K, reserved 1048576K
}
Event: 3.115 GC heap before
{Heap before GC invocations=7 (full 0):
 garbage-first heap   total reserved 4171776K, committed 59392K, used 35434K [0x0000000701600000, 0x0000000800000000)
  region size 2048K, 10 young (20480K), 2 survivors (4096K)
 Metaspace       used 35446K, committed 35968K, reserved 1114112K
  class space    used 4618K, committed 4864K, reserved 1048576K
}
Event: 3.118 GC heap after
{Heap after GC invocations=8 (full 0):
 garbage-first heap   total reserved 4171776K, committed 59392K, used 23157K [0x0000000701600000, 0x0000000800000000)
  region size 2048K, 1 young (2048K), 1 survivors (2048K)
 Metaspace       used 35446K, committed 35968K, reserved 1114112K
  class space    used 4618K, committed 4864K, reserved 1048576K
}
Event: 3.632 GC heap before
{Heap before GC invocations=9 (full 0):
 garbage-first heap   total reserved 4171776K, committed 59392K, used 45685K [0x0000000701600000, 0x0000000800000000)
  region size 2048K, 13 young (26624K), 1 survivors (2048K)
 Metaspace       used 41958K, committed 42496K, reserved 1114112K
  class space    used 5517K, committed 5760K, reserved 1048576K
}

